<?xml version="1.0" encoding="UTF-8"?>
<!-- Generated by org.testng.reporters.JUnitReportReporter -->
<testsuite hostname="DESKTOP-G98IVJS" failures="0" tests="1" name="testngpkg.Datepicker" time="11.531" errors="0" timestamp="2023-04-04T17:13:55 IST" skipped="0">
  <testcase classname="testngpkg.Datepicker" name="test" time="11.531"/>
  <system-out/>
</testsuite> <!-- testngpkg.Datepicker -->
