<?xml version="1.0" encoding="UTF-8"?>
<!-- Generated by org.testng.reporters.JUnitReportReporter -->
<testsuite hostname="DESKTOP-G98IVJS" failures="0" tests="1" name="test.Fbcreatepagetest" time="3.588" errors="0" timestamp="2023-04-03T16:22:56 IST" skipped="0">
  <testcase classname="test.Fbcreatepagetest" name="test1" time="3.588"/>
  <system-out/>
</testsuite> <!-- test.Fbcreatepagetest -->
