<?xml version="1.0" encoding="UTF-8"?>
<!-- Generated by org.testng.reporters.JUnitReportReporter -->
<testsuite hostname="DESKTOP-G98IVJS" failures="0" tests="2" name="testngpkg.Testnggrouping" time="0.014" errors="0" timestamp="2023-03-23T11:17:29 IST" skipped="0">
  <testcase classname="testngpkg.Testnggrouping" name="test2" time="0.004"/>
  <system-out/>
  <testcase classname="testngpkg.Testnggrouping" name="test1" time="0.010"/>
  <system-out/>
</testsuite> <!-- testngpkg.Testnggrouping -->
