<?xml version="1.0" encoding="UTF-8"?>
<!-- Generated by org.testng.reporters.JUnitReportReporter -->
<testsuite hostname="DESKTOP-G98IVJS" failures="0" tests="2" name="testngpkg.Testngdemo" time="5.821" errors="0" timestamp="2023-03-23T11:01:10 IST" skipped="0">
  <testcase classname="testngpkg.Testngdemo" name="test2" time="4.274"/>
  <system-out/>
  <testcase classname="testngpkg.Testngdemo" name="test1" time="1.547"/>
  <system-out/>
</testsuite> <!-- testngpkg.Testngdemo -->
