<?xml version="1.0" encoding="UTF-8"?>
<!-- Generated by org.testng.reporters.JUnitReportReporter -->
<testsuite hostname="DESKTOP-G98IVJS" failures="0" tests="1" name="testngpkg.Mousehover" time="10.260" errors="0" timestamp="2023-03-24T16:12:42 IST" skipped="0">
  <testcase classname="testngpkg.Mousehover" name="test1" time="10.260"/>
  <system-out/>
</testsuite> <!-- testngpkg.Mousehover -->
