<?xml version="1.0" encoding="UTF-8"?>
<!-- Generated by org.testng.reporters.JUnitReportReporter -->
<testsuite hostname="DESKTOP-G98IVJS" failures="0" tests="1" name="testngpkg.Fileuploadrobot" time="9.478" errors="0" timestamp="2023-03-28T15:05:57 IST" skipped="0">
  <testcase classname="testngpkg.Fileuploadrobot" name="test1" time="9.478"/>
  <system-out/>
</testsuite> <!-- testngpkg.Fileuploadrobot -->
