<?xml version="1.0" encoding="UTF-8"?>
<!-- Generated by org.testng.reporters.JUnitReportReporter -->
<testsuite hostname="DESKTOP-G98IVJS" failures="0" tests="1" name="testngpkg.Copypaste" time="3.266" errors="0" timestamp="2023-03-23T16:06:10 IST" skipped="0">
  <testcase classname="testngpkg.Copypaste" name="test1" time="3.266"/>
  <system-out/>
</testsuite> <!-- testngpkg.Copypaste -->
