<?xml version="1.0" encoding="UTF-8"?>
<!-- Generated by org.testng.reporters.JUnitReportReporter -->
<testsuite hostname="DESKTOP-G98IVJS" failures="0" tests="3" name="testngpkg.Reddiff" time="4.121" errors="0" timestamp="2023-03-23T15:50:26 IST" skipped="0">
  <testcase classname="testngpkg.Reddiff" name="test2" time="2.742"/>
  <system-out/>
  <testcase classname="testngpkg.Reddiff" name="test1" time="0.722"/>
  <system-out/>
  <testcase classname="testngpkg.Reddiff" name="test3" time="0.657"/>
  <system-out/>
</testsuite> <!-- testngpkg.Reddiff -->
