<?xml version="1.0" encoding="UTF-8"?>
<!-- Generated by org.testng.reporters.JUnitReportReporter -->
<testsuite hostname="DESKTOP-G98IVJS" failures="0" tests="1" name="testngpkg.Parametertest" time="7.101" errors="0" timestamp="2023-03-28T15:45:42 IST" skipped="0">
  <testcase classname="testngpkg.Parametertest" name="test1" time="7.101"/>
  <system-out/>
</testsuite> <!-- testngpkg.Parametertest -->
