<?xml version="1.0" encoding="UTF-8"?>
<!-- Generated by org.testng.reporters.JUnitReportReporter -->
<testsuite hostname="DESKTOP-G98IVJS" failures="0" tests="1" name="testngpkg.Rightclick" time="4.164" errors="0" timestamp="2023-03-24T15:39:59 IST" skipped="0">
  <testcase classname="testngpkg.Rightclick" name="test1" time="4.164"/>
  <system-out/>
</testsuite> <!-- testngpkg.Rightclick -->
