<?xml version="1.0" encoding="UTF-8"?>
<!-- Generated by org.testng.reporters.JUnitReportReporter -->
<testsuite hostname="DESKTOP-G98IVJS" failures="0" tests="1" name="test.Fblogintest" time="0.445" errors="0" timestamp="2023-04-03T16:22:56 IST" skipped="0">
  <testcase classname="test.Fblogintest" name="test1" time="0.445"/>
  <system-out/>
</testsuite> <!-- test.Fblogintest -->
