<?xml version="1.0" encoding="UTF-8"?>
<!-- Generated by org.testng.reporters.JUnitReportReporter -->
<testsuite hostname="DESKTOP-G98IVJS" failures="0" tests="1" name="test.Buschartertest" time="4.049" errors="0" timestamp="2023-04-04T17:58:17 IST" skipped="0">
  <testcase classname="test.Buschartertest" name="test1" time="4.049"/>
  <system-out/>
</testsuite> <!-- test.Buschartertest -->
