<?xml version="1.0" encoding="UTF-8"?>
<!-- Generated by org.testng.reporters.JUnitReportReporter -->
<testsuite hostname="DESKTOP-G98IVJS" failures="0" tests="1" name="testngpkg.Fileuploading" time="4.910" errors="0" timestamp="2023-03-24T17:02:55 IST" skipped="0">
  <testcase classname="testngpkg.Fileuploading" name="test1" time="4.910"/>
  <system-out/>
</testsuite> <!-- testngpkg.Fileuploading -->
