<?xml version="1.0" encoding="UTF-8"?>
<!-- Generated by org.testng.reporters.JUnitReportReporter -->
<testsuite hostname="DESKTOP-G98IVJS" failures="0" tests="1" name="testngpkg.Droppable" time="9.607" errors="0" timestamp="2023-03-23T17:09:46 IST" skipped="0">
  <testcase classname="testngpkg.Droppable" name="test1" time="9.607"/>
  <system-out/>
</testsuite> <!-- testngpkg.Droppable -->
